#
# A fatal error has been detected by the Java Runtime Environment:
#
#  SIGSEGV (0xb) at pc=0x00007efda95cf401, pid=133, tid=189
#
# JRE version: OpenJDK Runtime Environment (11.0.8+10) (build 11.0.8+10-post-Ubuntu-0ubuntu118.04.1)
# Java VM: OpenJDK 64-Bit Server VM (11.0.8+10-post-Ubuntu-0ubuntu118.04.1, mixed mode, sharing, tiered, compressed oops, serial gc, linux-amd64)
# Problematic frame:
# C  [libjimage.so+0x2401]
#
# Core dump will be written. Default location: Core dumps may be processed with "/usr/share/apport/apport %p %s %c %d %P %E" (or dumping to /home/runner/summative-2-Gun-Woo-Kim/core.133)
#
# If you would like to submit a bug report, please visit:
#   https://bugs.launchpad.net/ubuntu/+source/openjdk-lts
#

---------------  S U M M A R Y ------------

Command Line: Sketch

Host: Intel(R) Xeon(R) CPU @ 2.30GHz, 4 cores, 512M, Ubuntu 18.04.5 LTS
Time: Mon Nov  2 15:01:42 2020 UTC elapsed time: 46 seconds (0d 0h 0m 46s)

---------------  T H R E A D  ---------------

Current thread (0x00007efd40015000):  JavaThread "XToolkt-Shutdown-Thread" [_thread_in_vm, id=189, stack(0x00007efda3eff000,0x00007efda4000000)]

Stack: [0x00007efda3eff000,0x00007efda4000000],  sp=0x00007efda3ffd060,  free space=1016k
Native frames: (J=compiled Java code, A=aot compiled Java code, j=interpreted, Vv=VM code, C=native code)
C  [libjimage.so+0x2401]
C  [libjimage.so+0x30ea]
C  [libjimage.so+0x35c6]  JIMAGE_FindResource+0xd6
V  [libjvm.so+0x59097e]
V  [libjvm.so+0x5936e0]
V  [libjvm.so+0xd50b85]
V  [libjvm.so+0xd4e51a]
V  [libjvm.so+0xd51112]
V  [libjvm.so+0x647127]
V  [libjvm.so+0xa3c57a]
V  [libjvm.so+0x844136]
V  [libjvm.so+0x84502d]
j  sun.awt.X11.XToolkit.lambda$init$0()V+0 java.desktop@11.0.8
j  sun.awt.X11.XToolkit$$Lambda$11.run()V+4 java.desktop@11.0.8
j  java.lang.Thread.run()V+11 java.base@11.0.8
v  ~StubRoutines::call_stub
V  [libjvm.so+0x84eb09]
V  [libjvm.so+0x84cc4d]
V  [libjvm.so+0x8f6c9c]
V  [libjvm.so+0xd8996f]
V  [libjvm.so+0xd860bf]
V  [libjvm.so+0xbd632e]

Java frames: (J=compiled Java code, j=interpreted, Vv=VM code)
j  sun.awt.X11.XToolkit.lambda$init$0()V+0 java.desktop@11.0.8
j  sun.awt.X11.XToolkit$$Lambda$11.run()V+4 java.desktop@11.0.8
j  java.lang.Thread.run()V+11 java.base@11.0.8
v  ~StubRoutines::call_stub

siginfo: si_signo: 11 (SIGSEGV), si_code: 1 (SEGV_MAPERR), si_addr: 0x00007efd9b904ca8

Register to memory mapping:

RAX=0x0000000000000b23 is an unknown value
RBX=0x00007efda3ffd111 is pointing into the stack for thread: 0x00007efd40015000
RCX=0x00007efd9b90201c is an unknown value
RDX=0x0000000000000b23 is an unknown value
RSP=0x00007efda3ffd060 is pointing into the stack for thread: 0x00007efd40015000
RBP=0x00007efda3ffd080 is pointing into the stack for thread: 0x00007efd40015000
RSI=0x00007efda3ffd110 is pointing into the stack for thread: 0x00007efd40015000
RDI=0x00007efda97d2030: <offset 0x0000000000205030> in /usr/lib/jvm/java-11-openjdk-amd64/lib/libjimage.so at 0x00007efda95cd000
R8 =0x0 is NULL
R9 =0x00000000ca0d71f0 is an unknown value
R10=0x00007efda3ffd134 is pointing into the stack for thread: 0x00007efd40015000
R11=0x00007efdab60807d: <offset 0x0000000000eb307d> in /usr/lib/jvm/java-11-openjdk-amd64/lib/server/libjvm.so at 0x00007efdaa755000
R12=0x00007efda3ffd110 is pointing into the stack for thread: 0x00007efd40015000
R13=0x00000000000083bc is an unknown value
R14=0x00007efda3ffe1a8 is pointing into the stack for thread: 0x00007efd40015000
R15=0x00007efd70065860 points into unknown readable memory: 73 75 6e 2f 61 77 74 2f


Registers:
RAX=0x0000000000000b23, RBX=0x00007efda3ffd111, RCX=0x00007efd9b90201c, RDX=0x0000000000000b23
RSP=0x00007efda3ffd060, RBP=0x00007efda3ffd080, RSI=0x00007efda3ffd110, RDI=0x00007efda97d2030
R8 =0x0000000000000000, R9 =0x00000000ca0d71f0, R10=0x00007efda3ffd134, R11=0x00007efdab60807d
R12=0x00007efda3ffd110, R13=0x00000000000083bc, R14=0x00007efda3ffe1a8, R15=0x00007efd70065860
RIP=0x00007efda95cf401, EFLAGS=0x0000000000010246, CSGSFS=0x002b000000000033, ERR=0x0000000000000004
  TRAPNO=0x000000000000000e

Top of Stack: (sp=0x00007efda3ffd060)
0x00007efda3ffd060:   0000000000000000 00007efda4009600
0x00007efda3ffd070:   0000000000000000 00007efda3ffd110
0x00007efda3ffd080:   00007efda3ffd0f0 00007efda95d00ea
0x00007efda3ffd090:   0000000000000000 0000000000000000 

Instructions: (pc=0x00007efda95cf401)
0x00007efda95cf301:   c5 4c 01 e3 48 89 ce e8 d3 f3 ff ff e9 69 fd ff
0x00007efda95cf311:   ff 89 d1 0f b7 74 08 fe 66 41 89 74 0e fe e9 7a
0x00007efda95cf321:   fe ff ff 0f 1f 40 00 8b 08 49 8d 1c 16 41 89 0e
0x00007efda95cf331:   89 d1 8b 74 08 fc 41 89 74 0e fc 48 8d 34 10 48
0x00007efda95cf341:   89 75 b8 e9 0b fe ff ff 0f 1f 80 00 00 00 00 0f
0x00007efda95cf351:   b6 17 55 89 f0 48 89 e5 84 d2 74 22 48 8d 4f 01
0x00007efda95cf361:   0f 1f 80 00 00 00 00 48 83 c1 01 0f b6 f2 0f b6
0x00007efda95cf371:   51 ff 69 c0 93 01 00 01 31 f0 84 d2 75 e9 25 ff
0x00007efda95cf381:   ff ff 7f 5d c3 66 2e 0f 1f 84 00 00 00 00 00 48
0x00007efda95cf391:   85 d2 0f 84 dd 00 00 00 85 c9 0f 84 d5 00 00 00
0x00007efda95cf3a1:   55 48 89 e5 41 55 41 54 53 48 8d 5e 01 48 83 ec
0x00007efda95cf3b1:   08 44 0f b6 06 45 84 c0 0f 84 a9 00 00 00 49 89
0x00007efda95cf3c1:   da b8 93 01 00 01 66 0f 1f 84 00 00 00 00 00 49
0x00007efda95cf3d1:   83 c2 01 44 69 c8 93 01 00 01 41 0f b6 c0 45 0f
0x00007efda95cf3e1:   b6 42 ff 44 31 c8 45 84 c0 75 e4 25 ff ff ff 7f
0x00007efda95cf3f1:   41 89 cd 48 89 d1 31 d2 41 f7 f5 49 89 f4 89 d0
0x00007efda95cf401:   8b 34 81 48 8b 07 ff 50 20 83 f8 00 7e 41 41 0f
0x00007efda95cf411:   b6 14 24 84 d2 74 1c 0f 1f 84 00 00 00 00 00 69
0x00007efda95cf421:   c0 93 01 00 01 48 83 c3 01 31 d0 0f b6 53 ff 84
0x00007efda95cf431:   d2 75 ec 25 ff ff ff 7f 31 d2 41 f7 f5 48 83 c4
0x00007efda95cf441:   08 89 d0 5b 41 5c 41 5d 5d c3 0f 1f 44 00 00 74
0x00007efda95cf451:   1d f7 d0 48 83 c4 08 89 c2 5b 89 d0 41 5c 41 5d
0x00007efda95cf461:   5d c3 0f 1f 44 00 00 b8 93 01 00 01 eb 82 ba ff
0x00007efda95cf471:   ff ff ff eb c8 83 ca ff 89 d0 c3 0f 1f 40 00 0f
0x00007efda95cf481:   b6 17 55 48 89 f8 48 89 e5 84 d2 75 15 eb 1a 38
0x00007efda95cf491:   ca 75 1c 48 83 c0 01 0f b6 10 48 83 c6 01 84 d2
0x00007efda95cf4a1:   74 07 0f b6 0e 84 c9 75 e6 5d c3 0f 1f 40 00 31
0x00007efda95cf4b1:   c0 5d c3 66 90 66 2e 0f 1f 84 00 00 00 00 00 55
0x00007efda95cf4c1:   48 85 f6 48 89 e5 74 57 0f 1f 80 00 00 00 00 0f
0x00007efda95cf4d1:   b6 06 84 c0 74 49 0f b6 d0 83 e0 07 c1 fa 03 44
0x00007efda95cf4e1:   8d 50 01 0f b6 c0 41 89 d1 48 8d 56 01 4c 8d 44
0x00007efda95cf4f1:   06 02 31 c0 0f 1f 00 0f b6 0a 48 c1 e0 08 48 83 


Stack slot to memory mapping:
stack at sp + 0 slots: 0x0 is NULL
stack at sp + 1 slots: 0x00007efda4009600 points into unknown readable memory: 00 00 00 00 00 00 00 00
stack at sp + 2 slots: 0x0 is NULL
stack at sp + 3 slots: 0x00007efda3ffd110 is pointing into the stack for thread: 0x00007efd40015000
stack at sp + 4 slots: 0x00007efda3ffd0f0 is pointing into the stack for thread: 0x00007efd40015000
stack at sp + 5 slots: 0x00007efda95d00ea: <offset 0x00000000000030ea> in /usr/lib/jvm/java-11-openjdk-amd64/lib/libjimage.so at 0x00007efda95cd000
stack at sp + 6 slots: 0x0 is NULL
stack at sp + 7 slots: 0x0 is NULL


---------------  P R O C E S S  ---------------

Threads class SMR info:
_java_thread_list=0x00007efd40016910, length=17, elements={
0x00007efda4051000, 0x00007efda4053000, 0x00007efda4059000, 0x00007efda405b800,
0x00007efda405d800, 0x00007efda405f800, 0x00007efda40a2000, 0x00007efda40ac000,
0x00007efda41dc000, 0x00007efda41e0000, 0x00007efda434d000, 0x00007efda4245000,
0x00007efda4247800, 0x00007efda4016000, 0x00007efd78001000, 0x00007efd78002800,
0x00007efd40015000
}

Java Threads: ( => current thread )
  0x00007efda4051000 JavaThread "Reference Handler" daemon [_thread_blocked, id=136, stack(0x00007efd8c6ff000,0x00007efd8c800000)]
  0x00007efda4053000 JavaThread "Finalizer" daemon [_thread_blocked, id=137, stack(0x00007efd8c5fe000,0x00007efd8c6ff000)]
  0x00007efda4059000 JavaThread "Signal Dispatcher" daemon [_thread_blocked, id=138, stack(0x00007efd8c362000,0x00007efd8c463000)]
  0x00007efda405b800 JavaThread "C2 CompilerThread0" daemon [_thread_blocked, id=139, stack(0x00007efd8c261000,0x00007efd8c362000)]
  0x00007efda405d800 JavaThread "C1 CompilerThread0" daemon [_thread_blocked, id=140, stack(0x00007efd8c160000,0x00007efd8c261000)]
  0x00007efda405f800 JavaThread "Sweeper thread" daemon [_thread_blocked, id=141, stack(0x00007efd8c05f000,0x00007efd8c160000)]
  0x00007efda40a2000 JavaThread "Service Thread" daemon [_thread_blocked, id=142, stack(0x00007efd6feff000,0x00007efd70000000)]
  0x00007efda40ac000 JavaThread "Common-Cleaner" daemon [_thread_blocked, id=144, stack(0x00007efd6fcfc000,0x00007efd6fdfd000)]
  0x00007efda41dc000 JavaThread "Java2D Disposer" daemon [_thread_blocked, id=180, stack(0x00007efd5e421000,0x00007efd5e522000)]
  0x00007efda41e0000 JavaThread "AWT-XAWT" daemon [_thread_in_native, id=181, stack(0x00007efd5e320000,0x00007efd5e421000)]
  0x00007efda434d000 JavaThread "AWT-Shutdown" [_thread_blocked, id=184, stack(0x00007efd5e01d000,0x00007efd5e11e000)]
  0x00007efda4245000 JavaThread "AWT-EventQueue-0" [_thread_blocked, id=185, stack(0x00007efd5df1c000,0x00007efd5e01d000)]
  0x00007efda4247800 JavaThread "Animation Thread" [_thread_blocked, id=186, stack(0x00007efd5de1b000,0x00007efd5df1c000)]
  0x00007efda4016000 JavaThread "DestroyJavaVM" [_thread_blocked, id=134, stack(0x00007efdac8c2000,0x00007efdac9c3000)]
  0x00007efd78001000 JavaThread "SIGHUP handler" daemon [_thread_blocked, id=187, stack(0x00007efd5e11e000,0x00007efd5e21f000)]
  0x00007efd78002800 JavaThread "SIGTERM handler" daemon [_thread_blocked, id=188, stack(0x00007efd5e21f000,0x00007efd5e320000)]
=>0x00007efd40015000 JavaThread "XToolkt-Shutdown-Thread" [_thread_in_vm, id=189, stack(0x00007efda3eff000,0x00007efda4000000)]

Other Threads:
  0x00007efda404e000 VMThread "VM Thread" [stack: 0x00007efd8c802000,0x00007efd8c902000] [id=135]
  0x00007efda40a4800 WatcherThread [stack: 0x00007efd6fdff000,0x00007efd6feff000] [id=143]

Threads with active compile tasks:

VM state:not at safepoint (normal execution)

VM Mutex/Monitor currently owned by a thread: None

Heap address: 0x00000000f8000000, size: 128 MB, Compressed Oops mode: 32-bit
Narrow klass base: 0x0000000800000000, Narrow klass shift: 3
Compressed class space size: 1073741824 Address: 0x0000000840000000

Heap:
 def new generation   total 2432K, used 479K [0x00000000f8000000, 0x00000000f82a0000, 0x00000000faaa0000)
  eden space 2176K,  21% used [0x00000000f8000000, 0x00000000f80729a0, 0x00000000f8220000)
  from space 256K,   8% used [0x00000000f8220000, 0x00000000f8225520, 0x00000000f8260000)
  to   space 256K,   0% used [0x00000000f8260000, 0x00000000f8260000, 0x00000000f82a0000)
 tenured generation  