#
# A fatal error has been detected by the Java Runtime Environment:
#
#  SIGSEGV (0xb) at pc=0x00007f27239c1401, pid=786, tid=857
#
# JRE version: OpenJDK Runtime Environment (11.0.8+10) (build 11.0.8+10-post-Ubuntu-0ubuntu118.04.1)
# Java VM: OpenJDK 64-Bit Server VM (11.0.8+10-post-Ubuntu-0ubuntu118.04.1, mixed mode, sharing, tiered, compressed oops, serial gc, linux-amd64)
# Problematic frame:
# C  [libjimage.so+0x2401]
#
# Core dump will be written. Default location: Core dumps may be processed with "/usr/share/apport/apport %p %s %c %d %P %E" (or dumping to /home/runner/summative-2-Gun-Woo-Kim/core.786)
#
# If you would like to submit a bug report, please visit:
#   https://bugs.launchpad.net/ubuntu/+source/openjdk-lts
#

---------------  S U M M A R Y ------------

Command Line: Sketch

Host: Intel(R) Xeon(R) CPU @ 2.30GHz, 4 cores, 953M, Ubuntu 18.04.5 LTS
Time: Mon Oct 26 23:00:11 2020 UTC elapsed time: 18 seconds (0d 0h 0m 18s)

---------------  T H R E A D  ---------------

Current thread (0x00007f26cc057800):  JavaThread "XToolkt-Shutdown-Thread" [_thread_in_vm, id=857, stack(0x00007f26b7eff000,0x00007f26b8000000)]

Stack: [0x00007f26b7eff000,0x00007f26b8000000],  sp=0x00007f26b7ffd060,  free space=1016k
Native frames: (J=compiled Java code, A=aot compiled Java code, j=interpreted, Vv=VM code, C=native code)
C  [libjimage.so+0x2401]
C  [libjimage.so+0x30ea]
C  [libjimage.so+0x35c6]  JIMAGE_FindResource+0xd6
V  [libjvm.so+0x59097e]
V  [libjvm.so+0x5936e0]
V  [libjvm.so+0xd50b85]
V  [libjvm.so+0xd4e51a]
V  [libjvm.so+0xd51112]
V  [libjvm.so+0x647127]
V  [libjvm.so+0xa3c57a]
V  [libjvm.so+0x844136]
V  [libjvm.so+0x84502d]
j  sun.awt.X11.XToolkit.lambda$init$0()V+0 java.desktop@11.0.8
j  sun.awt.X11.XToolkit$$Lambda$11.run()V+4 java.desktop@11.0.8
j  java.lang.Thread.run()V+11 java.base@11.0.8
v  ~StubRoutines::call_stub
V  [libjvm.so+0x84eb09]
V  [libjvm.so+0x84cc4d]
V  [libjvm.so+0x8f6c9c]
V  [libjvm.so+0xd8996f]
V  [libjvm.so+0xd860bf]
V  [libjvm.so+0xbd632e]

Java frames: (J=compiled Java code, j=interpreted, Vv=VM code)
j  sun.awt.X11.XToolkit.lambda$init$0()V+0 java.desktop@11.0.8
j  sun.awt.X11.XToolkit$$Lambda$11.run()V+4 java.desktop@11.0.8
j  java.lang.Thread.run()V+11 java.base@11.0.8
v  ~StubRoutines::call_stub

siginfo: si_signo: 11 (SIGSEGV), si_code: 1 (SEGV_MAPERR), si_addr: 0x00007f271b2c3ca8

Register to memory mapping:

RAX=0x0000000000000b23 is an unknown value
RBX=0x00007f26b7ffd111 is pointing into the stack for thread: 0x00007f26cc057800
RCX=0x00007f271b2c101c is an unknown value
RDX=0x0000000000000b23 is an unknown value
RSP=0x00007f26b7ffd060 is pointing into the stack for thread: 0x00007f26cc057800
RBP=0x00007f26b7ffd080 is pointing into the stack for thread: 0x00007f26cc057800
RSI=0x00007f26b7ffd110 is pointing into the stack for thread: 0x00007f26cc057800
RDI=0x00007f2723bc4030: <offset 0x0000000000205030> in /usr/lib/jvm/java-11-openjdk-amd64/lib/libjimage.so at 0x00007f27239bf000
R8 =0x0 is NULL
R9 =